<?xml version="1.0" encoding="UTF-8"?>
<!-- Generated by org.testng.reporters.JUnitReportReporter -->
<testsuite skipped="0" hostname="DESKTOP-9IBLFN0" name="Tests.ManageProductTest" tests="2" failures="0" timestamp="2023-01-05T18:28:36 IST" time="19.206" errors="0">
  <testcase name="manageProductTest" time="9.625" classname="Tests.ManageProductTest"/>
  <system-out/>
  <testcase name="manageProductTest" time="9.581" classname="Tests.ManageProductTest"/>
  <system-out/>
</testsuite> <!-- Tests.ManageProductTest -->
