<?xml version="1.0" encoding="UTF-8"?>
<!-- Generated by org.testng.reporters.JUnitReportReporter -->
<testsuite skipped="0" hostname="DESKTOP-9IBLFN0" name="Tests.LoginTest" tests="1" failures="0" timestamp="2023-01-05T11:01:09 IST" time="3.286" errors="0">
  <testcase name="logintest" time="3.286" classname="Tests.LoginTest"/>
  <system-out/>
</testsuite> <!-- Tests.LoginTest -->
