<?xml version="1.0" encoding="UTF-8"?>
<!-- Generated by org.testng.reporters.JUnitReportReporter -->
<testsuite skipped="0" hostname="DESKTOP-9IBLFN0" name="adminTask.AddProducts" tests="1" failures="0" timestamp="2023-01-02T01:21:23 IST" time="19.136" errors="0">
  <testcase name="addProducts" time="19.136" classname="adminTask.AddProducts"/>
  <system-out/>
</testsuite> <!-- adminTask.AddProducts -->
