<?xml version="1.0" encoding="UTF-8"?>
<!-- Generated by org.testng.reporters.JUnitReportReporter -->
<testsuite skipped="0" hostname="DESKTOP-9IBLFN0" name="medicareUser.TestRunner" tests="1" failures="0" timestamp="2023-01-01T19:57:24 IST" time="25.138" errors="0">
  <testcase name="runScenario" time="25.138" classname="medicareUser.TestRunner"/>
  <system-out/>
</testsuite> <!-- medicareUser.TestRunner -->
