<?xml version="1.0" encoding="UTF-8"?>
<!-- Generated by org.testng.reporters.JUnitReportReporter -->
<testsuite skipped="0" hostname="DESKTOP-9IBLFN0" name="userTask.ProductPurchase" tests="1" failures="0" timestamp="2022-12-31T23:03:52 IST" time="21.290" errors="0">
  <testcase name="chooseProducts" time="21.290" classname="userTask.ProductPurchase"/>
  <system-out/>
</testsuite> <!-- userTask.ProductPurchase -->
